Sencha Cmd 6.5.3.6 - Crash report
================================================
An error occurred while executing the following command: -v

Diagnostic information:
=======================
                         app.archivePath : archive/${build.id}                               
                      app.bootstrap.base : /home/ben/Desktop/Sencha/testProject              
                       app.bootstrap.css : bootstrap.css                                     
                  app.bootstrap.manifest : ${build.id}.json                                  
               app.bootstrap.microloader : bootstrap.js                                      
   app.builds.classic.sass.generated.src : classic/sass/save                                 
   app.builds.classic.sass.generated.var : classic/sass/save.scss                            
                app.builds.classic.theme : theme-triton                                      
              app.builds.classic.toolkit : classic                                           
    app.builds.modern.sass.generated.src : modern/sass/save                                  
    app.builds.modern.sass.generated.var : modern/sass/save.scss                             
                 app.builds.modern.theme : theme-material                                    
               app.builds.modern.toolkit : modern                                            
                        app.cache.deltas : ${build.id}/deltas                                
                        app.cache.enable : false                                             
                   app.classic.js.0.path : /home/ben/Desktop/Sencha/testProject/ext/build/ext-all-rtl-debug.js
                   app.classic.js.length : 1                                                 
                           app.classpath : app,${toolkit.name}/src                           
                         app.classpath.0 : app                                               
                         app.classpath.1 : ${toolkit.name}/src                               
                    app.classpath.length : 2                                                 
                          app.compressor : null                                              
                          app.config.dir : /home/ben/bin/Sencha/Cmd/6.5.3.6/ant/build/app    
                app.cordova.cache.enable : false                                             
                   app.cordova.config.id : com.domain.testProject                            
                 app.cordova.config.name : testProject                                       
                 app.cordova.config.path : /home/ben/Desktop/Sencha/testProject/cordova      
               app.cordova.config.target :                                                   
              app.cordova.config.verbose : false                                             
                   app.cordova.js.0.path : cordova.js                                        
               app.cordova.js.0.priority : 1000                                              
                 app.cordova.js.0.remote : true                                              
                   app.cordova.js.length : 1                                                 
                 app.cordova.microloader : /home/ben/bin/Sencha/Cmd/6.5.3.6/ant/build/app/Microloader.js
      app.cordova.output.appCache.enable : false                                             
                 app.cordova.output.base : /home/ben/Desktop/Sencha/testProject/cordova/www  
             app.cordova.output.manifest : ${build.id}.json                                  
                 app.cordova.output.page : index.html                                        
             app.development.watch.delay : 250                                               
                                 app.dir : /home/ben/Desktop/Sencha/testProject              
              app.fashion.inliner.enable : false                                             
           app.fashion.missingParameters : error                                             
                           app.framework : ext                                               
                                  app.id : ebe407c6-03d6-48ac-a4e0-e15cdcbca1cd              
                       app.indexHtmlPath : index.html                                        
                        app.loader.cache : false                                             
                   app.loader.cacheParam : _dc                                               
                    app.modern.js.0.path : /home/ben/Desktop/Sencha/testProject/ext/build/ext-modern-all-debug.js
                    app.modern.js.length : 1                                                 
                                app.name : testProject                                       
                           app.namespace : testProject                                       
              app.output.appCache.enable : false                                             
                         app.output.base : /home/ben/Desktop/Sencha/testProject/build/${build.environment}/testProject
                           app.output.js : ${build.id}/app.js                                
                     app.output.manifest : ${build.id}.json                                  
           app.output.microloader.enable : true                                              
                         app.output.page : index.html                                        
               app.output.resources.path : ${build.id}/resources                             
             app.output.resources.shared : resources                                         
                           app.overrides : overrides,${toolkit.name}/overrides               
                         app.overrides.0 : overrides                                         
                         app.overrides.1 : ${toolkit.name}/overrides                         
                    app.overrides.length : 2                                                 
               app.phonegap.cache.enable : false                                             
                  app.phonegap.config.id : com.domain.testProject                            
                app.phonegap.config.name : testProject                                       
                app.phonegap.config.path : /home/ben/Desktop/Sencha/testProject/phonegap     
              app.phonegap.config.remote : false                                             
             app.phonegap.config.verbose : false                                             
                  app.phonegap.js.0.path : cordova.js                                        
              app.phonegap.js.0.priority : 1000                                              
                app.phonegap.js.0.remote : true                                              
                  app.phonegap.js.length : 1                                                 
                app.phonegap.microloader : /home/ben/bin/Sencha/Cmd/6.5.3.6/ant/build/app/Microloader.js
     app.phonegap.output.appCache.enable : false                                             
                app.phonegap.output.base : /home/ben/Desktop/Sencha/testProject/phonegap/www 
            app.phonegap.output.manifest : ${build.id}.json                                  
                app.phonegap.output.page : index.html                                        
             app.production.cache.enable : true                                              
          app.production.compressor.type : yui                                               
             app.production.loader.cache : ${build.timestamp}                                
   app.production.output.appCache.enable : true                                              
     app.production.output.appCache.path : cache.appcache                                    
                        app.sass.dynamic : true                                              
                            app.sass.etc : sass/etc/all.scss,${toolkit.name}/sass/etc/all.scss
                          app.sass.etc.0 : sass/etc/all.scss                                 
                          app.sass.etc.1 : ${toolkit.name}/sass/etc/all.scss                 
                     app.sass.etc.length : 2                                                 
                        app.sass.fashion : true                                              
                      app.sass.namespace : testProject                                       
                            app.sass.src : sass/src,${toolkit.name}/sass/src                 
                          app.sass.src.0 : sass/src                                          
                          app.sass.src.1 : ${toolkit.name}/sass/src                          
                     app.sass.src.length : 2                                                 
                            app.sass.var : sass/var/all.scss,sass/var,${toolkit.name}/sass/var/all.scss,${toolkit.name}/sass/var
                          app.sass.var.0 : sass/var/all.scss                                 
                          app.sass.var.1 : sass/var                                          
                          app.sass.var.2 : ${toolkit.name}/sass/var/all.scss                 
                          app.sass.var.3 : ${toolkit.name}/sass/var                          
                     app.sass.var.length : 4                                                 
                 app.slicer.cache.enable : false                                             
        app.slicer.js.0.isWidgetManifest : true                                              
                    app.slicer.js.0.path : /home/ben/Desktop/Sencha/testProject/sass/example/custom.js
                    app.slicer.js.length : 1                                                 
       app.slicer.output.appCache.enable : false                                             
                             app.version : 1.0.0.0                                           
                    buildenvironment.dir : /home/ben/Desktop/Sencha/testProject              
               buildenvironment.load.dir : /home/ben/Desktop/Sencha/testProject              
                          cmd.config.dir : /home/ben/bin/Sencha/Cmd/6.5.3.6                  
                                 cmd.dir : /home/ben/bin/Sencha/Cmd/6.5.3.6                  
                    cmd.framework.minver : 5.5.0                                             
                   cmd.framework.version : 99.99                                             
              cmd.merge.tool.args.araxis : -wait -merge -3 -a1 {base} {user} {generated} {out}
              cmd.merge.tool.args.kdiff3 : {base} {user} {generated} -o {out}                
             cmd.merge.tool.args.p4merge : {base} {user} {generated} {out}                   
           cmd.merge.tool.args.smartsync : {user} {generated} {base}                         
          cmd.merge.tool.args.sourcegear : --merge --result={out} {user} {base} {generated}  
            cmd.merge.tool.args.tortoise : -base:{base} -theirs:{generated} -mine:{user} -merged:{out}
                              cmd.minver : 3.0.0.0                                           
                            cmd.platform : linux-x64                                         
                     cmd.unicode.escapes : /home/ben/bin/Sencha/Cmd/6.5.3.6/unicode-escapes.json
                             cmd.version : 6.5.3.6                                           
                            cmd.web.port : 1841                                              
                     config.skipDownload : true                                              
                      config.skipInherit : false                                             
                        ext.license.name : trial                                             
                     framework.build.dir : ${package.output.base}                            
                     framework.classpath : ${package.dir}/src                                
                    framework.cmd.minver : 6.5.2.15                                          
                   framework.cmd.version : 6.5.2.15                                          
                 framework.compatVersion : 6.5.0                                             
                    framework.config.dir : /home/ben/bin/Sencha/Cmd/6.5.3.6/plugins/ext/current
                       framework.creator : Sencha                                            
           framework.detailedDescription : Sencha Ext JS JavaScript Framework                
                           framework.dir : /home/ben/Desktop/Sencha/testProject/ext          
                  framework.example.apps : admin-dashboard,executive-dashboard,feed-viewer,kitchensink,calendar,classic/desktop,classic/ticket-app,classic/portal,classic/simple-tasks,classic/responsive-app,classic/aria,modern/addressbook,modern/blackberry,modern/energy,modern/stockapp,modern/states,modern/geocongress,modern/oreilly
                framework.example.apps.0 : admin-dashboard                                   
                framework.example.apps.1 : executive-dashboard                               
               framework.example.apps.10 : classic/aria                                      
               framework.example.apps.11 : modern/addressbook                                
               framework.example.apps.12 : modern/blackberry                                 
               framework.example.apps.13 : modern/energy                                     
               framework.example.apps.14 : modern/stockapp                                   
               framework.example.apps.15 : modern/states                                     
               framework.example.apps.16 : modern/geocongress                                
               framework.example.apps.17 : modern/oreilly                                    
                framework.example.apps.2 : feed-viewer                                       
                framework.example.apps.3 : kitchensink                                       
                framework.example.apps.4 : calendar                                          
                framework.example.apps.5 : classic/desktop                                   
                framework.example.apps.6 : classic/ticket-app                                
                framework.example.apps.7 : classic/portal                                    
                framework.example.apps.8 : classic/simple-tasks                              
                framework.example.apps.9 : classic/responsive-app                            
           framework.example.apps.length : 18                                                
                  framework.example.path : examples,templates                                
                framework.example.path.0 : examples                                          
                framework.example.path.1 : templates                                         
           framework.example.path.length : 2                                                 
                        framework.format : 1                                                 
                          framework.isV5 : true                                              
                          framework.isV6 : true                                              
                         framework.isV62 : true                                              
                         framework.isV65 : true                                              
     framework.language.js.input.version : ES5                                               
                          framework.name : ext                                               
                     framework.namespace : Ext                                               
                        framework.output : ${package.dir}/build                              
                     framework.overrides : ${package.dir}/overrides                          
                  framework.packages.dir : /home/ben/Desktop/Sencha/testProject/ext/packages/,/home/ben/Desktop/Sencha/testProject/ext/${toolkit.name}
                framework.resource.paths : resources                                         
              framework.resource.paths.0 : resources                                         
         framework.resource.paths.length : 1                                                 
                      framework.sass.etc : ${package.dir}/sass/etc/all.scss                  
                  framework.sass.fashion : true                                              
                framework.sass.namespace : Ext                                               
                      framework.sass.src : ${package.dir}/sass/src                           
                      framework.sass.var : ${package.dir}/sass/var                           
        framework.signatures.0.algorithm : SHA1withRSA                                       
          framework.signatures.0.created : 2018-01-23T06:30:06Z                              
             framework.signatures.0.name : Sencha                                            
            framework.signatures.0.nonce : GU85VoRp26E=                                      
        framework.signatures.0.signature : lLrf2b/Lss+J0XC9wx+Ex/WEdRBTokmmpANfYe7tZKpUfpgKlk+J+EIQndkRIM88zEHfrxQhBaNV2V90EEGZm1TXhEAYE3ZRYwgkKBPwTPxQRUmtISB8AjSQvKcF8x596Z2DOapRYbZ83T2o7XXdnTSC0WxxqaSkN9ju/AnrnOxi49PS2jCpxCGzXO3eFWOlxt7QOvszEZoM5lWjxYW81R0iZbFcWK8zqclEvDhZReIt75OgLbSxmwmaP4iJHgKq8FBkMir+njMMVbDQ0e+nEOAVGB83ZFnOoRm0fv8ktTs9mcK/9Z3YLBmYtpXsftmOoGGtf5jzl59uBWv8Z+867A==
             framework.signatures.0.uuid : 1d6b0d9c-3333-4e65-885f-5b07a1fc3198              
             framework.signatures.length : 1                                                 
                   framework.subpkgs.dir : ${package.dir}                                    
              framework.subpkgs.packages : classic/classic,modern/modern,packages/charts,packages/amf,packages/soap,packages/ux,packages/google,packages/legacy,packages/font-awesome,packages/font-pictos,packages/font-ext
            framework.subpkgs.packages.0 : classic/classic                                   
            framework.subpkgs.packages.1 : modern/modern                                     
           framework.subpkgs.packages.10 : packages/font-ext                                 
            framework.subpkgs.packages.2 : packages/charts                                   
            framework.subpkgs.packages.3 : packages/amf                                      
            framework.subpkgs.packages.4 : packages/soap                                     
            framework.subpkgs.packages.5 : packages/ux                                       
            framework.subpkgs.packages.6 : packages/google                                   
            framework.subpkgs.packages.7 : packages/legacy                                   
            framework.subpkgs.packages.8 : packages/font-awesome                             
            framework.subpkgs.packages.9 : packages/font-pictos                              
       framework.subpkgs.packages.length : 11                                                
                       framework.summary : Ext JS                                            
                          framework.type : framework                                         
                       framework.version : 6.5.3.57                                          
                       inspector.address : http://localhost:1839/                            
                            minimal.mode : true                                              
                    package.sass.dynamic : true                                              
                          repo.local.dir : /home/ben/bin/Sencha/Cmd/repo                     
                       shared.sencha.dir : true                                              
        system.java.net.useSystemProxies : true                                              
                          workspace.apps :                                                   
                        workspace.apps.0 :                                                   
                   workspace.apps.length : 1                                                 
                     workspace.build.dir : /home/ben/Desktop/Sencha/testProject/build        
                    workspace.config.dir : /home/ben/bin/Sencha/Cmd/6.5.3.6/ant/build/workspace
                           workspace.dir : /home/ben/Desktop/Sencha/testProject              
           workspace.frameworks.ext.path : /home/ben/Desktop/Sencha/testProject/ext          
        workspace.frameworks.ext.version : 6.5.3.57                                          
                  workspace.packages.dir : /home/ben/Desktop/Sencha/testProject/packages/local,/home/ben/Desktop/Sencha/testProject/packages
              workspace.packages.extract : /home/ben/Desktop/Sencha/testProject/packages/remote

Exception information:
=======================
No such property : v
     at com.sencha.cli.AbstractCommand$Properties.getProperty(AbstractCommand.java:444)
     at com.sencha.cli.AbstractCommand.parseConfigParam(AbstractCommand.java:468)
     at com.sencha.cli.AbstractCommand.processConfigParam(AbstractCommand.java:518)
     at com.sencha.cli.AbstractCommand.configure(AbstractCommand.java:114)
     at com.sencha.command.Sencha.main(Sencha.java:135)
     at sun.reflect.NativeMethodAccessorImpl.invoke0(Native Method)
     at sun.reflect.NativeMethodAccessorImpl.invoke(NativeMethodAccessorImpl.java:62)
     at sun.reflect.DelegatingMethodAccessorImpl.invoke(DelegatingMethodAccessorImpl.java:43)
     at java.lang.reflect.Method.invoke(Method.java:498)
     at com.exe4j.runtime.LauncherEngine.launch(LauncherEngine.java:65)
     at com.install4j.runtime.launcher.UnixLauncher.main(UnixLauncher.java:57)

